<?xml version="1.0" encoding="UTF-8"?>
<testng-results skipped="0" failed="0" ignored="0" total="1" passed="1">
  <reporter-output>
  </reporter-output>
  <suite name="Default suite" duration-ms="8754" started-at="2019-09-09T09:55:04Z" finished-at="2019-09-09T09:55:12Z">
    <groups>
    </groups>
    <test name="Default test" duration-ms="8754" started-at="2019-09-09T09:55:04Z" finished-at="2019-09-09T09:55:12Z">
      <class name="steps.BddGetWeatherDetails">
        <test-method status="PASS" signature="test()[pri:0, instance:steps.BddGetWeatherDetails@6f7fd0e6]" name="test" duration-ms="8669" started-at="2019-09-09T15:25:04Z" finished-at="2019-09-09T15:25:12Z">
          <reporter-output>
          </reporter-output>
        </test-method> <!-- test -->
      </class> <!-- steps.BddGetWeatherDetails -->
    </test> <!-- Default test -->
  </suite> <!-- Default suite -->
</testng-results>
